<?xml version="1.0" encoding="UTF-8"?>
<!-- Generated by org.testng.reporters.JUnitXMLReporter -->
<testsuite hostname="Agupta-laptop" name="GO_Online_SIF" tests="2" failures="2" timestamp="28 Dec 2016 14:36:30 GMT" time="55.184" errors="0">
  <testcase name="@AfterTest closeBrowser" time="0.0" classname="edu.kheg.GOSIF.GO_Online_SIF">
    <failure type="java.lang.NullPointerException">
      <![CDATA[java.lang.NullPointerException
	at edu.kheg.SuiteBase.SuiteBase.closeWebBrowser(SuiteBase.java:97)
	at edu.kheg.GOSIF.GO_Online_SIF.closeBrowser(GO_Online_SIF.java:170)
... Removed 22 stack frames]]>
    </failure>
  </testcase> <!-- @AfterTest closeBrowser -->
  <testcase name="Regular_SIF" time="55.162" classname="edu.kheg.GOSIF.GO_Online_SIF">
    <failure type="org.openqa.selenium.WebDriverException" message="Failed to connect to binary FirefoxBinary(C:\Program Files\Mozilla Firefox\firefox.exe) on port 7055; process output follows: 
rg&amp;quot;:{&amp;quot;d&amp;quot;:&amp;quot;C:\\Program Files\\Mozilla Firefox\\browser\\features\\e10srollout@mozilla.org.xpi&amp;quot;,&amp;quot;e&amp;quot;:true,&amp;quot;v&amp;quot;:&amp;quot;1.5&amp;quot;,&amp;quot;st&amp;quot;:1481951150932},&amp;quot;firefox@getpocket.com&amp;quot;:{&amp;quot;d&amp;quot;:&amp;quot;C:\\Program Files\\Mozilla Firefox\\browser\\features\\firefox@getpocket.com.xpi&amp;quot;,&amp;quot;e&amp;quot;:true,&amp;quot;v&amp;quot;:&amp;quot;1.0.5&amp;quot;,&amp;quot;st&amp;quot;:1481951150904},&amp;quot;webcompat@mozilla.org&amp;quot;:{&amp;quot;d&amp;quot;:&amp;quot;C:\\Program Files\\Mozilla Firefox\\browser\\features\\webcompat@mozilla.org.xpi&amp;quot;,&amp;quot;e&amp;quot;:true,&amp;quot;v&amp;quot;:&amp;quot;1.0&amp;quot;,&amp;quot;st&amp;quot;:1481951150867}},&amp;quot;app-global&amp;quot;:{&amp;quot;{972ce4c6-7e08-4474-a285-3208198ce6fd}&amp;quot;:{&amp;quot;d&amp;quot;:&amp;quot;C:\\Program Files\\Mozilla Firefox\\browser\\extensions\\{972ce4c6-7e08-4474-a285-3208198ce6fd}.xpi&amp;quot;,&amp;quot;e&amp;quot;:true,&amp;quot;v&amp;quot;:&amp;quot;50.1.0&amp;quot;,&amp;quot;st&amp;quot;:1481951151002}}}
1482935744385	addons.xpi	DEBUG	No changes found
1482935744391	addons.xpi	DEBUG	Registering manifest for C:\Program Files\Mozilla Firefox\browser\features\aushelper@mozilla.org.xpi
1482935744392	addons.xpi	DEBUG	Loading bootstrap scope from C:\Program Files\Mozilla Firefox\browser\features\aushelper@mozilla.org.xpi
1482935744397	addons.xpi	DEBUG	Calling bootstrap method startup on aushelper@mozilla.org version 1.0
1482935744398	addons.xpi	DEBUG	Registering manifest for C:\Program Files\Mozilla Firefox\browser\features\e10srollout@mozilla.org.xpi
1482935744399	addons.xpi	DEBUG	Loading bootstrap scope from C:\Program Files\Mozilla Firefox\browser\features\e10srollout@mozilla.org.xpi
1482935744408	addons.xpi	DEBUG	Calling bootstrap method startup on e10srollout@mozilla.org version 1.5
1482935744410	addons.xpi	DEBUG	Registering manifest for C:\Program Files\Mozilla Firefox\browser\features\firefox@getpocket.com.xpi
1482935744410	addons.xpi	DEBUG	Loading bootstrap scope from C:\Program Files\Mozilla Firefox\browser\features\firefox@getpocket.com.xpi
1482935744414	addons.xpi	DEBUG	Calling bootstrap method startup on firefox@getpocket.com version 1.0.5
1482935744420	addons.xpi-utils	DEBUG	Starting async load of XPI database C:\Users\ANUJ~1.GUP\AppData\Local\Temp\anonymous5664200337154159589webdriver-profile\extensions.json
1482935744421	addons.xpi	DEBUG	Registering manifest for C:\Program Files\Mozilla Firefox\browser\features\webcompat@mozilla.org.xpi
1482935744422	addons.xpi	DEBUG	Loading bootstrap scope from C:\Program Files\Mozilla Firefox\browser\features\webcompat@mozilla.org.xpi
1482935744424	addons.xpi	DEBUG	Calling bootstrap method startup on webcompat@mozilla.org version 1.0
1482935744426	addons.manager	DEBUG	Registering shutdown blocker for XPIProvider
1482935744426	addons.manager	DEBUG	Provider finished startup: XPIProvider
1482935744426	addons.manager	DEBUG	Starting provider: LightweightThemeManager
1482935744426	addons.manager	DEBUG	Registering shutdown blocker for LightweightThemeManager
1482935744426	addons.manager	DEBUG	Provider finished startup: LightweightThemeManager
1482935744427	addons.manager	DEBUG	Starting provider: GMPProvider
1482935744435	addons.manager	DEBUG	Registering shutdown blocker for GMPProvider
1482935744435	addons.manager	DEBUG	Provider finished startup: GMPProvider
1482935744435	addons.manager	DEBUG	Starting provider: PluginProvider
1482935744436	addons.manager	DEBUG	Registering shutdown blocker for PluginProvider
1482935744436	addons.manager	DEBUG	Provider finished startup: PluginProvider
1482935744436	addons.manager	DEBUG	Completed startup sequence
1482935744700	addons.xpi-utils	DEBUG	Async JSON file read took 0 MS
1482935744700	addons.xpi-utils	DEBUG	Finished async read of XPI database, parsing...
1482935744702	addons.xpi-utils	DEBUG	Successfully read XPI database
1482935744713	addons.manager	DEBUG	Starting provider: &amp;lt;unnamed-provider&amp;gt;
1482935744713	addons.manager	DEBUG	Registering shutdown blocker for &amp;lt;unnamed-provider&amp;gt;
1482935744713	addons.manager	DEBUG	Provider finished startup: &amp;lt;unnamed-provider&amp;gt;
*** Blocklist::_loadBlocklistFromFile: blocklist is disabled
1482935744821	addons.manager	DEBUG	Starting provider: PreviousExperimentProvider
1482935744821	addons.manager	DEBUG	Registering shutdown blocker for PreviousExperimentProvider
1482935744821	addons.manager	DEBUG	Provider finished startup: PreviousExperimentProvider

Build info: version: &amp;apos;2.43.1&amp;apos;, revision: &amp;apos;5163bce&amp;apos;, time: &amp;apos;2014-09-10 16:27:33&amp;apos;
System info: host: &amp;apos;Agupta-laptop&amp;apos;, ip: &amp;apos;10.163.105.92&amp;apos;, os.name: &amp;apos;Windows 7&amp;apos;, os.arch: &amp;apos;x86&amp;apos;, os.version: &amp;apos;6.1&amp;apos;, java.version: &amp;apos;1.8.0_111&amp;apos;
Driver info: driver.version: FirefoxDriver">
      <![CDATA[org.openqa.selenium.WebDriverException: Failed to connect to binary FirefoxBinary(C:\Program Files\Mozilla Firefox\firefox.exe) on port 7055; process output follows: 
rg":{"d":"C:\\Program Files\\Mozilla Firefox\\browser\\features\\e10srollout@mozilla.org.xpi","e":true,"v":"1.5","st":1481951150932},"firefox@getpocket.com":{"d":"C:\\Program Files\\Mozilla Firefox\\browser\\features\\firefox@getpocket.com.xpi","e":true,"v":"1.0.5","st":1481951150904},"webcompat@mozilla.org":{"d":"C:\\Program Files\\Mozilla Firefox\\browser\\features\\webcompat@mozilla.org.xpi","e":true,"v":"1.0","st":1481951150867}},"app-global":{"{972ce4c6-7e08-4474-a285-3208198ce6fd}":{"d":"C:\\Program Files\\Mozilla Firefox\\browser\\extensions\\{972ce4c6-7e08-4474-a285-3208198ce6fd}.xpi","e":true,"v":"50.1.0","st":1481951151002}}}
1482935744385	addons.xpi	DEBUG	No changes found
1482935744391	addons.xpi	DEBUG	Registering manifest for C:\Program Files\Mozilla Firefox\browser\features\aushelper@mozilla.org.xpi
1482935744392	addons.xpi	DEBUG	Loading bootstrap scope from C:\Program Files\Mozilla Firefox\browser\features\aushelper@mozilla.org.xpi
1482935744397	addons.xpi	DEBUG	Calling bootstrap method startup on aushelper@mozilla.org version 1.0
1482935744398	addons.xpi	DEBUG	Registering manifest for C:\Program Files\Mozilla Firefox\browser\features\e10srollout@mozilla.org.xpi
1482935744399	addons.xpi	DEBUG	Loading bootstrap scope from C:\Program Files\Mozilla Firefox\browser\features\e10srollout@mozilla.org.xpi
1482935744408	addons.xpi	DEBUG	Calling bootstrap method startup on e10srollout@mozilla.org version 1.5
1482935744410	addons.xpi	DEBUG	Registering manifest for C:\Program Files\Mozilla Firefox\browser\features\firefox@getpocket.com.xpi
1482935744410	addons.xpi	DEBUG	Loading bootstrap scope from C:\Program Files\Mozilla Firefox\browser\features\firefox@getpocket.com.xpi
1482935744414	addons.xpi	DEBUG	Calling bootstrap method startup on firefox@getpocket.com version 1.0.5
1482935744420	addons.xpi-utils	DEBUG	Starting async load of XPI database C:\Users\ANUJ~1.GUP\AppData\Local\Temp\anonymous5664200337154159589webdriver-profile\extensions.json
1482935744421	addons.xpi	DEBUG	Registering manifest for C:\Program Files\Mozilla Firefox\browser\features\webcompat@mozilla.org.xpi
1482935744422	addons.xpi	DEBUG	Loading bootstrap scope from C:\Program Files\Mozilla Firefox\browser\features\webcompat@mozilla.org.xpi
1482935744424	addons.xpi	DEBUG	Calling bootstrap method startup on webcompat@mozilla.org version 1.0
1482935744426	addons.manager	DEBUG	Registering shutdown blocker for XPIProvider
1482935744426	addons.manager	DEBUG	Provider finished startup: XPIProvider
1482935744426	addons.manager	DEBUG	Starting provider: LightweightThemeManager
1482935744426	addons.manager	DEBUG	Registering shutdown blocker for LightweightThemeManager
1482935744426	addons.manager	DEBUG	Provider finished startup: LightweightThemeManager
1482935744427	addons.manager	DEBUG	Starting provider: GMPProvider
1482935744435	addons.manager	DEBUG	Registering shutdown blocker for GMPProvider
1482935744435	addons.manager	DEBUG	Provider finished startup: GMPProvider
1482935744435	addons.manager	DEBUG	Starting provider: PluginProvider
1482935744436	addons.manager	DEBUG	Registering shutdown blocker for PluginProvider
1482935744436	addons.manager	DEBUG	Provider finished startup: PluginProvider
1482935744436	addons.manager	DEBUG	Completed startup sequence
1482935744700	addons.xpi-utils	DEBUG	Async JSON file read took 0 MS
1482935744700	addons.xpi-utils	DEBUG	Finished async read of XPI database, parsing...
1482935744702	addons.xpi-utils	DEBUG	Successfully read XPI database
1482935744713	addons.manager	DEBUG	Starting provider: <unnamed-provider>
1482935744713	addons.manager	DEBUG	Registering shutdown blocker for <unnamed-provider>
1482935744713	addons.manager	DEBUG	Provider finished startup: <unnamed-provider>
*** Blocklist::_loadBlocklistFromFile: blocklist is disabled
1482935744821	addons.manager	DEBUG	Starting provider: PreviousExperimentProvider
1482935744821	addons.manager	DEBUG	Registering shutdown blocker for PreviousExperimentProvider
1482935744821	addons.manager	DEBUG	Provider finished startup: PreviousExperimentProvider

Build info: version: '2.43.1', revision: '5163bce', time: '2014-09-10 16:27:33'
System info: host: 'Agupta-laptop', ip: '10.163.105.92', os.name: 'Windows 7', os.arch: 'x86', os.version: '6.1', java.version: '1.8.0_111'
Driver info: driver.version: FirefoxDriver
	at org.openqa.selenium.firefox.internal.NewProfileExtensionConnection.start(NewProfileExtensionConnection.java:130)
	at org.openqa.selenium.firefox.FirefoxDriver.startClient(FirefoxDriver.java:246)
	at org.openqa.selenium.remote.RemoteWebDriver.<init>(RemoteWebDriver.java:114)
	at org.openqa.selenium.firefox.FirefoxDriver.<init>(FirefoxDriver.java:193)
	at org.openqa.selenium.firefox.FirefoxDriver.<init>(FirefoxDriver.java:186)
	at org.openqa.selenium.firefox.FirefoxDriver.<init>(FirefoxDriver.java:182)
	at org.openqa.selenium.firefox.FirefoxDriver.<init>(FirefoxDriver.java:95)
	at edu.kheg.SuiteBase.SuiteBase.loadWebBrowser(SuiteBase.java:73)
	at edu.kheg.GOSIF.GO_Online_SIF.Regular_SIF(GO_Online_SIF.java:87)
Caused by: org.openqa.selenium.firefox.NotConnectedException: Unable to connect to host 127.0.0.1 on port 7055 after 45000 ms. Firefox console output:
rg":{"d":"C:\\Program Files\\Mozilla Firefox\\browser\\features\\e10srollout@mozilla.org.xpi","e":true,"v":"1.5","st":1481951150932},"firefox@getpocket.com":{"d":"C:\\Program Files\\Mozilla Firefox\\browser\\features\\firefox@getpocket.com.xpi","e":true,"v":"1.0.5","st":1481951150904},"webcompat@mozilla.org":{"d":"C:\\Program Files\\Mozilla Firefox\\browser\\features\\webcompat@mozilla.org.xpi","e":true,"v":"1.0","st":1481951150867}},"app-global":{"{972ce4c6-7e08-4474-a285-3208198ce6fd}":{"d":"C:\\Program Files\\Mozilla Firefox\\browser\\extensions\\{972ce4c6-7e08-4474-a285-3208198ce6fd}.xpi","e":true,"v":"50.1.0","st":1481951151002}}}
1482935744385	addons.xpi	DEBUG	No changes found
1482935744391	addons.xpi	DEBUG	Registering manifest for C:\Program Files\Mozilla Firefox\browser\features\aushelper@mozilla.org.xpi
1482935744392	addons.xpi	DEBUG	Loading bootstrap scope from C:\Program Files\Mozilla Firefox\browser\features\aushelper@mozilla.org.xpi
1482935744397	addons.xpi	DEBUG	Calling bootstrap method startup on aushelper@mozilla.org version 1.0
1482935744398	addons.xpi	DEBUG	Registering manifest for C:\Program Files\Mozilla Firefox\browser\features\e10srollout@mozilla.org.xpi
1482935744399	addons.xpi	DEBUG	Loading bootstrap scope from C:\Program Files\Mozilla Firefox\browser\features\e10srollout@mozilla.org.xpi
1482935744408	addons.xpi	DEBUG	Calling bootstrap method startup on e10srollout@mozilla.org version 1.5
1482935744410	addons.xpi	DEBUG	Registering manifest for C:\Program Files\Mozilla Firefox\browser\features\firefox@getpocket.com.xpi
1482935744410	addons.xpi	DEBUG	Loading bootstrap scope from C:\Program Files\Mozilla Firefox\browser\features\firefox@getpocket.com.xpi
1482935744414	addons.xpi	DEBUG	Calling bootstrap method startup on firefox@getpocket.com version 1.0.5
1482935744420	addons.xpi-utils	DEBUG	Starting async load of XPI database C:\Users\ANUJ~1.GUP\AppData\Local\Temp\anonymous5664200337154159589webdriver-profile\extensions.json
1482935744421	addons.xpi	DEBUG	Registering manifest for C:\Program Files\Mozilla Firefox\browser\features\webcompat@mozilla.org.xpi
1482935744422	addons.xpi	DEBUG	Loading bootstrap scope from C:\Program Files\Mozilla Firefox\browser\features\webcompat@mozilla.org.xpi
1482935744424	addons.xpi	DEBUG	Calling bootstrap method startup on webcompat@mozilla.org version 1.0
1482935744426	addons.manager	DEBUG	Registering shutdown blocker for XPIProvider
1482935744426	addons.manager	DEBUG	Provider finished startup: XPIProvider
1482935744426	addons.manager	DEBUG	Starting provider: LightweightThemeManager
1482935744426	addons.manager	DEBUG	Registering shutdown blocker for LightweightThemeManager
1482935744426	addons.manager	DEBUG	Provider finished startup: LightweightThemeManager
1482935744427	addons.manager	DEBUG	Starting provider: GMPProvider
1482935744435	addons.manager	DEBUG	Registering shutdown blocker for GMPProvider
1482935744435	addons.manager	DEBUG	Provider finished startup: GMPProvider
1482935744435	addons.manager	DEBUG	Starting provider: PluginProvider
1482935744436	addons.manager	DEBUG	Registering shutdown blocker for PluginProvider
1482935744436	addons.manager	DEBUG	Provider finished startup: PluginProvider
1482935744436	addons.manager	DEBUG	Completed startup sequence
1482935744700	addons.xpi-utils	DEBUG	Async JSON file read took 0 MS
1482935744700	addons.xpi-utils	DEBUG	Finished async read of XPI database, parsing...
1482935744702	addons.xpi-utils	DEBUG	Successfully read XPI database
1482935744713	addons.manager	DEBUG	Starting provider: <unnamed-provider>
1482935744713	addons.manager	DEBUG	Registering shutdown blocker for <unnamed-provider>
1482935744713	addons.manager	DEBUG	Provider finished startup: <unnamed-provider>
*** Blocklist::_loadBlocklistFromFile: blocklist is disabled
1482935744821	addons.manager	DEBUG	Starting provider: PreviousExperimentProvider
1482935744821	addons.manager	DEBUG	Registering shutdown blocker for PreviousExperimentProvider
1482935744821	addons.manager	DEBUG	Provider finished startup: PreviousExperimentProvider

	at org.openqa.selenium.firefox.internal.NewProfileExtensionConnection.start(NewProfileExtensionConnection.java:118)
	... 32 more
... Removed 24 stack frames]]>
    </failure>
  </testcase> <!-- Regular_SIF -->
  <testcase name="Regular_SIF" time="55.166" classname="edu.kheg.GOSIF.GO_Online_SIF">
    <failure type="java.lang.NullPointerException">
      <![CDATA[java.lang.NullPointerException
	at edu.kheg.utility.Screenshot_Utility.captureScreenShot(Screenshot_Utility.java:66)
	at edu.kheg.utility.Screenshot_Utility.onTestFailure(Screenshot_Utility.java:43)
... Removed 21 stack frames]]>
    </failure>
  </testcase> <!-- Regular_SIF -->
</testsuite> <!-- GO_Online_SIF -->
